<?xml version="1.0" encoding="UTF-8"?>
<!-- Generated by org.testng.reporters.JUnitReportReporter -->
<testsuite hostname="DESKTOP-Q8TTMMF" failures="0" tests="1" name="com.orangehrm.test.Hometest" time="3.150" errors="0" timestamp="2024-10-20T12:22:32 IST" skipped="0">
  <testcase classname="com.orangehrm.test.Hometest" name="homepagenav" time="3.150"/>
</testsuite> <!-- com.orangehrm.test.Hometest -->
