<?xml version="1.0" encoding="UTF-8"?>
<!-- Generated by org.testng.reporters.JUnitReportReporter -->
<testsuite hostname="DESKTOP-Q8TTMMF" failures="0" tests="1" name="com.orangehrm.test.Logintest" time="3.965" errors="0" timestamp="2024-11-19T12:51:38 IST" skipped="0">
  <testcase classname="com.orangehrm.test.Logintest" name="logintoapplication" time="3.965"/>
</testsuite> <!-- com.orangehrm.test.Logintest -->
